c:\users\ruben\onedrive\documenten\thetemplate (1)\debug\vc143.pdb
c:\users\ruben\onedrive\documenten\thetemplate (1)\debug\template.obj
c:\users\ruben\onedrive\documenten\thetemplate (1)\debug\surface.obj
c:\users\ruben\onedrive\documenten\thetemplate (1)\debug\level creation.obj
c:\users\ruben\onedrive\documenten\thetemplate (1)\debug\items.obj
c:\users\ruben\onedrive\documenten\thetemplate (1)\debug\game.obj
c:\users\ruben\onedrive\documenten\thetemplate (1)\debug\character.obj
c:\users\ruben\onedrive\documenten\thetemplate (1)\tmpl_2019-08_x64_debug.pdb
c:\users\ruben\onedrive\documenten\thetemplate (1)\debug\tmpl_2019-08.tlog\cl.command.1.tlog
c:\users\ruben\onedrive\documenten\thetemplate (1)\debug\tmpl_2019-08.tlog\cl.items.tlog
c:\users\ruben\onedrive\documenten\thetemplate (1)\debug\tmpl_2019-08.tlog\cl.read.1.tlog
c:\users\ruben\onedrive\documenten\thetemplate (1)\debug\tmpl_2019-08.tlog\cl.write.1.tlog
c:\users\ruben\onedrive\documenten\thetemplate (1)\debug\tmpl_2019-08.tlog\link-cvtres.read.1.tlog
c:\users\ruben\onedrive\documenten\thetemplate (1)\debug\tmpl_2019-08.tlog\link-cvtres.write.1.tlog
c:\users\ruben\onedrive\documenten\thetemplate (1)\debug\tmpl_2019-08.tlog\link-rc.read.1.tlog
c:\users\ruben\onedrive\documenten\thetemplate (1)\debug\tmpl_2019-08.tlog\link-rc.write.1.tlog
c:\users\ruben\onedrive\documenten\thetemplate (1)\debug\tmpl_2019-08.tlog\link.command.1.tlog
c:\users\ruben\onedrive\documenten\thetemplate (1)\debug\tmpl_2019-08.tlog\link.read.1.tlog
c:\users\ruben\onedrive\documenten\thetemplate (1)\debug\tmpl_2019-08.tlog\link.read.2.tlog
c:\users\ruben\onedrive\documenten\thetemplate (1)\debug\tmpl_2019-08.tlog\link.secondary.1.tlog
c:\users\ruben\onedrive\documenten\thetemplate (1)\debug\tmpl_2019-08.tlog\link.write.1.tlog
