c:\users\ruben\onedrive\documenten\thetemplate (1)\release\vc143.pdb
c:\users\ruben\onedrive\documenten\thetemplate (1)\release\template.obj
c:\users\ruben\onedrive\documenten\thetemplate (1)\release\surface.obj
c:\users\ruben\onedrive\documenten\thetemplate (1)\release\level creation.obj
c:\users\ruben\onedrive\documenten\thetemplate (1)\release\items.obj
c:\users\ruben\onedrive\documenten\thetemplate (1)\release\game.obj
c:\users\ruben\onedrive\documenten\thetemplate (1)\release\character.obj
c:\users\ruben\onedrive\documenten\thetemplate (1)\tmpl_2019-08_x64.pdb
c:\users\ruben\onedrive\documenten\thetemplate (1)\release\tmpl_2019-08.tlog\cl.command.1.tlog
c:\users\ruben\onedrive\documenten\thetemplate (1)\release\tmpl_2019-08.tlog\cl.items.tlog
c:\users\ruben\onedrive\documenten\thetemplate (1)\release\tmpl_2019-08.tlog\cl.read.1.tlog
c:\users\ruben\onedrive\documenten\thetemplate (1)\release\tmpl_2019-08.tlog\cl.write.1.tlog
c:\users\ruben\onedrive\documenten\thetemplate (1)\release\tmpl_2019-08.tlog\link-cvtres.read.1.tlog
c:\users\ruben\onedrive\documenten\thetemplate (1)\release\tmpl_2019-08.tlog\link-cvtres.write.1.tlog
c:\users\ruben\onedrive\documenten\thetemplate (1)\release\tmpl_2019-08.tlog\link-rc.read.1.tlog
c:\users\ruben\onedrive\documenten\thetemplate (1)\release\tmpl_2019-08.tlog\link-rc.write.1.tlog
c:\users\ruben\onedrive\documenten\thetemplate (1)\release\tmpl_2019-08.tlog\link.command.1.tlog
c:\users\ruben\onedrive\documenten\thetemplate (1)\release\tmpl_2019-08.tlog\link.read.1.tlog
c:\users\ruben\onedrive\documenten\thetemplate (1)\release\tmpl_2019-08.tlog\link.read.2.tlog
c:\users\ruben\onedrive\documenten\thetemplate (1)\release\tmpl_2019-08.tlog\link.secondary.1.tlog
c:\users\ruben\onedrive\documenten\thetemplate (1)\release\tmpl_2019-08.tlog\link.write.1.tlog
